Start testing: Nov 29 16:30 +03
----------------------------------------------------------
1/3 Testing: ParseCondition.DateComparisonNode
1/3 Test: ParseCondition.DateComparisonNode
Command: "/home/vika/Learning/Coursera_C++_MFTI/Yellow_Belt/submodules/del/__build/del_tests" "--gtest_filter=ParseCondition.DateComparisonNode" "--gtest_also_run_disabled_tests"
Directory: /home/vika/Learning/Coursera_C++_MFTI/Yellow_Belt/submodules/del/__build
"ParseCondition.DateComparisonNode" start time: Nov 29 16:30 +03
Output:
----------------------------------------------------------
Running main() from /build/googletest-lWsoze/googletest-1.8.1/googletest/src/gtest_main.cc
Note: Google Test filter = ParseCondition.DateComparisonNode
[==========] Running 1 test from 1 test case.
[----------] Global test environment set-up.
[----------] 1 test from ParseCondition
[ RUN      ] ParseCondition.DateComparisonNode
[       OK ] ParseCondition.DateComparisonNode (0 ms)
[----------] 1 test from ParseCondition (0 ms total)

[----------] Global test environment tear-down
[==========] 1 test from 1 test case ran. (0 ms total)
[  PASSED  ] 1 test.
<end of output>
Test time =   0.00 sec
----------------------------------------------------------
Test Passed.
"ParseCondition.DateComparisonNode" end time: Nov 29 16:30 +03
"ParseCondition.DateComparisonNode" time elapsed: 00:00:00
----------------------------------------------------------

2/3 Testing: ParseCondition.EventComparisonNode
2/3 Test: ParseCondition.EventComparisonNode
Command: "/home/vika/Learning/Coursera_C++_MFTI/Yellow_Belt/submodules/del/__build/del_tests" "--gtest_filter=ParseCondition.EventComparisonNode" "--gtest_also_run_disabled_tests"
Directory: /home/vika/Learning/Coursera_C++_MFTI/Yellow_Belt/submodules/del/__build
"ParseCondition.EventComparisonNode" start time: Nov 29 16:30 +03
Output:
----------------------------------------------------------
Running main() from /build/googletest-lWsoze/googletest-1.8.1/googletest/src/gtest_main.cc
Note: Google Test filter = ParseCondition.EventComparisonNode
[==========] Running 1 test from 1 test case.
[----------] Global test environment set-up.
[----------] 1 test from ParseCondition
[ RUN      ] ParseCondition.EventComparisonNode
[       OK ] ParseCondition.EventComparisonNode (0 ms)
[----------] 1 test from ParseCondition (0 ms total)

[----------] Global test environment tear-down
[==========] 1 test from 1 test case ran. (0 ms total)
[  PASSED  ] 1 test.
<end of output>
Test time =   0.00 sec
----------------------------------------------------------
Test Passed.
"ParseCondition.EventComparisonNode" end time: Nov 29 16:30 +03
"ParseCondition.EventComparisonNode" time elapsed: 00:00:00
----------------------------------------------------------

3/3 Testing: ParseCondition.LogicalOperationNode
3/3 Test: ParseCondition.LogicalOperationNode
Command: "/home/vika/Learning/Coursera_C++_MFTI/Yellow_Belt/submodules/del/__build/del_tests" "--gtest_filter=ParseCondition.LogicalOperationNode" "--gtest_also_run_disabled_tests"
Directory: /home/vika/Learning/Coursera_C++_MFTI/Yellow_Belt/submodules/del/__build
"ParseCondition.LogicalOperationNode" start time: Nov 29 16:30 +03
Output:
----------------------------------------------------------
Running main() from /build/googletest-lWsoze/googletest-1.8.1/googletest/src/gtest_main.cc
Note: Google Test filter = ParseCondition.LogicalOperationNode
[==========] Running 1 test from 1 test case.
[----------] Global test environment set-up.
[----------] 1 test from ParseCondition
[ RUN      ] ParseCondition.LogicalOperationNode
/home/vika/Learning/Coursera_C++_MFTI/Yellow_Belt/submodules/del/tests/condition_parser_test.cpp:41: Failure
Expected equality of these values:
  root->Evaluate( date, "")
    Which is: false
  true
/home/vika/Learning/Coursera_C++_MFTI/Yellow_Belt/submodules/del/tests/condition_parser_test.cpp:41: Failure
Expected equality of these values:
  root->Evaluate( date, "")
    Which is: false
  true
/home/vika/Learning/Coursera_C++_MFTI/Yellow_Belt/submodules/del/tests/condition_parser_test.cpp:41: Failure
Expected equality of these values:
  root->Evaluate( date, "")
    Which is: false
  true
[  FAILED  ] ParseCondition.LogicalOperationNode (0 ms)
[----------] 1 test from ParseCondition (0 ms total)

[----------] Global test environment tear-down
[==========] 1 test from 1 test case ran. (0 ms total)
[  PASSED  ] 0 tests.
[  FAILED  ] 1 test, listed below:
[  FAILED  ] ParseCondition.LogicalOperationNode

 1 FAILED TEST
<end of output>
Test time =   0.00 sec
----------------------------------------------------------
Test Failed.
"ParseCondition.LogicalOperationNode" end time: Nov 29 16:30 +03
"ParseCondition.LogicalOperationNode" time elapsed: 00:00:00
----------------------------------------------------------

End testing: Nov 29 16:30 +03
