Start testing: Nov 13 10:48 +03
----------------------------------------------------------
Unable to find executable: /home/vika/Learning/Coursera_C++_MFTI/Yellow_Belt/PhoneNumber/tests/testPhoneNumber
1/1 Testing: testPhoneNumber
1/1 Test: testPhoneNumber
Command: ""
Directory: /home/vika/Learning/Coursera_C++_MFTI/Yellow_Belt/PhoneNumber/tests
"testPhoneNumber" start time: 
Output:
----------------------------------------------------------
<end of output>
Test time =   0.00 sec
----------------------------------------------------------
Test Passed.
"testPhoneNumber" end time: Nov 13 10:48 +03
"testPhoneNumber" time elapsed: 00:00:00
----------------------------------------------------------

End testing: Nov 13 10:48 +03
